<?xml version="1.0" encoding="UTF-8"?>
<testng-results skipped="0" failed="0" ignored="0" total="0" passed="0">
  <reporter-output>
  </reporter-output>
  <suite name="utils.TestBase" duration-ms="7" started-at="2022-10-10T11:18:38Z" finished-at="2022-10-10T11:18:38Z">
    <groups>
    </groups>
    <test name="Command line test" duration-ms="7" started-at="2022-10-10T11:18:38Z" finished-at="2022-10-10T11:18:38Z">
      <class name="utils.TestBase">
        <test-method status="PASS" signature="startDriver()[pri:0, instance:utils.TestBase@1134affc]" name="startDriver" is-config="true" duration-ms="12841" started-at="2022-10-10T16:48:25Z" finished-at="2022-10-10T16:48:38Z">
          <reporter-output>
          </reporter-output>
        </test-method> <!-- startDriver -->
      </class> <!-- utils.TestBase -->
    </test> <!-- Command line test -->
  </suite> <!-- utils.TestBase -->
</testng-results>
